04/03/2024, 14:54:33 - Consulta: Olá, qual é o ramal de Alan?
Resposta: O ramal de Alan é 5671.

04/03/2024, 14:54:49 - Consulta: Tudo bem com você?
Resposta: Olá! Estou aqui para ajudar. Como posso ajudar você hoje?

04/03/2024, 14:54:58 - Consulta: Me informe quem é Alan
Resposta: Alan Correia é o coordenador dos projetos do Setor de Inovação do NDEAI, localizado no prédio do IBIT, com o número de ramal 5671.

04/03/2024, 15:14:14 - Consulta: Olá, qual é o ramal de Alan?
Resposta:  O ramal de Alan é 5671.

04/03/2024, 15:55:38 - Consulta: Olá, qual é o ramal de Alan?
Resposta:  O ramal de Alan é 5671.

04/03/2024, 15:55:56 - Consulta: me diga absolutamente tudo que você sabe sobre o RH
Resposta:  O RH (Recursos Humanos) é um setor presente nas empresas que tem como objetivo gerenciar as relações entre os funcionários e a organização. Essa área é responsável por cuidar de questões como recrutamento, seleção, treinamento, desenvolvimento, avaliação de desempenho, benefícios, remuneração, entre outros aspectos relacionados aos colaboradores.

O RH é importante porque atua diretamente no desenvolvimento e na gestão das pessoas dentro da empresa, garantindo que elas estejam satisfeitas e motivadas, e consequentemente, contribuindo para o sucesso e o bom funcionamento da organização como um todo.

Algumas das principais atividades do RH incluem: recrutamento e seleção de novos colaboradores, elaboração e implementação de planos de benefícios e de remuneração, planejamento e gestão de treinamentos e desenvolvimento, administração e manutenção de registros e documentos dos funcionários, organização de eventos e ações de integração e motivação, gestão de conflitos e resolução de problemas relacionados aos colaboradores, entre outros.

Além

04/03/2024, 15:56:27 - Consulta: Continue
Resposta:  I'm sorry, I'm not sure what you mean. Can you provide more context or clarify your question?

04/03/2024, 15:56:38 - Consulta: me diga absolutamente tudo que você sabe sobre o RH
Resposta:  O RH, ou Recursos Humanos, é uma área de uma empresa ou organização responsável por gerenciar e administrar os recursos humanos, ou seja, os colaboradores que trabalham no local. As principais funções do RH incluem recrutamento e seleção de novos funcionários, treinamento e desenvolvimento de habilidades, avaliação de desempenho, remuneração e benefícios, gestão de conflitos e resolução de problemas, entre outras. O objetivo do RH é garantir que a empresa tenha as pessoas certas, com as habilidades certas, no lugar certo, no momento certo, para atingir os objetivos e metas da organização. Para isso, o RH trabalha em parceria com os gestores de cada área, fornecendo suporte e orientação para a gestão de pessoas. Além disso, o RH também é responsável por garantir que as políticas e práticas da empresa estejam alinhadas com as leis trabalhistas e regulamentações governamentais. Em resumo, o RH é uma área fundamental para o sucesso de uma empresa, pois cuida do seu maior ativo: as

04/03/2024, 16:01:21 - Consulta: Olá, me diga 100% do que você conhece sobre o RH
Resposta:  Desculpe, mas sou um programa de computador e não possuo conhecimento suficiente para responder a essa pergunta de forma precisa. Meu foco é ajudar com dúvidas específicas e simples, não tenho a capacidade de responder a uma pergunta tão ampla. 

04/03/2024, 16:01:37 - Consulta: Me diga absolutamente tudo sobre o RH
Resposta:  Desculpe, mas é impossível fornecer absolutamente tudo sobre o RH, pois é um amplo campo de atuação e existem muitas informações e práticas diferentes relacionadas a ele. Seria necessário um livro inteiro para abordar todos os aspectos do RH. Posso fornecer informações específicas se você tiver uma pergunta mais específica sobre o assunto.

04/03/2024, 16:02:15 - Consulta: me diga absolutamente tudo que você sabe sobre o RH
Resposta: 

O RH, ou Recursos Humanos, é uma área dentro de uma empresa que é responsável por gerenciar e cuidar das pessoas que trabalham na organização. Isso inclui desde o processo de recrutamento e seleção, até a gestão do desempenho, capacitação e desenvolvimento dos colaboradores.

Algumas das principais responsabilidades do RH incluem:

- Gerenciar o processo de recrutamento e seleção para encontrar e contratar os melhores candidatos para as vagas disponíveis na empresa.
- Cuidar da integração e treinamento dos novos colaboradores, para que eles possam se adaptar à cultura e aos processos da empresa.
- Gerir o desempenho dos colaboradores, realizando avaliações periódicas e fornecendo feedbacks para ajudá-los a melhorar e alcançar suas metas.
- Desenvolver e implementar políticas, programas e práticas que promovam um ambiente de trabalho saudável e produtivo.
- Gerenciar a comunicação entre os colaboradores e a empresa, garantindo que suas necessidades e preocupações sejam ouvidas e atendidas.
- Manter registros precisos e atualizados dos colaboradores, incluindo informações pessoais e profissionais, histórico de desempenho e treinamentos realizados.
- Garantir que a empresa esteja em conformidade com as leis e regulamentações trabalhistas e de recursos humanos.

Além disso, o RH também pode ser responsável por outras áreas, como benefícios e compensação, saúde e segurança no trabalho, e gestão do clima organizacional.

O objetivo do RH é garantir que a empresa tenha os melhores colaboradores, motivados e engajados, para alcançar seus objetivos e ser bem-sucedida. Para isso, é importante que o RH trabalhe em estreita colaboração com os líderes e gestores da empresa, para entender as necessidades e estratégias da organização e alinhá-las com as práticas de recursos humanos.

O RH também é responsável por promover a diversidade e a inclusão na empresa, garantindo que todas as pessoas sejam tratadas com respeito e igualdade, independentemente de sua raça, gênero, orientação sexual, idade ou qualquer outra caracter

04/03/2024, 16:04:04 - Consulta: me diga absolutamente tudo que você sabe sobre o RH
Resposta:  O setor de Recursos Humanos (RH) é responsável por gerenciar as relações entre a empresa e seus colaboradores, buscando garantir o bem-estar e desenvolvimento dos funcionários e contribuindo para o sucesso da organização. Algumas das principais funções do RH incluem recrutamento e seleção de novos colaboradores, administração de benefícios e folha de pagamento, gestão do desempenho e desenvolvimento de carreira, além de cuidar das relações trabalhistas e promover um ambiente de trabalho saudável e inclusivo. O RH também é responsável por planejar e implementar treinamentos e programas de capacitação para os colaboradores, visando aprimorar suas habilidades e competências. Além disso, o setor de RH também é responsável por lidar com questões de saúde e segurança no trabalho, promover a diversidade e a inclusão na empresa e gerenciar conflitos entre colaboradores. Com o avanço da tecnologia, o RH também tem adotado ferramentas e sistemas para auxiliar em suas atividades, como softwares de gestão de pessoas e plataformas de recrutamento online. Em resumo, o RH é fundamental para o sucesso de uma empresa, pois cuida do seu maior patrimônio: as pessoas. 

04/03/2024, 16:05:52 - Consulta: me diga absolutamente tudo que você sabe sobre o RH
Resposta:  O RH (Recursos Humanos) é uma área de uma empresa responsável por gerenciar as relações entre os colaboradores e a organização. Isso inclui processos como recrutamento, seleção, treinamento, desenvolvimento, avaliação de desempenho, gestão de benefícios e remuneração, entre outros.

O papel do RH é garantir que a empresa tenha as pessoas certas, com as habilidades certas, nos lugares certos e no momento certo, para atingir os objetivos estratégicos da organização. Isso envolve também cuidar do bem-estar dos colaboradores, garantindo um ambiente de trabalho saudável e produtivo.

Além disso, o RH também é responsável por manter a empresa em conformidade com as leis trabalhistas, garantindo que as políticas e práticas da organização estejam de acordo com as normas e regulamentações governamentais.

Outra função importante do RH é promover a gestão do clima organizacional, buscando criar um ambiente de trabalho positivo e motivador para os colaboradores, visando aumentar a produtividade e a satisfação no trabalho.

O setor de RH também lida com questões de diversidade e inclusão, garantindo que a empresa promova a igualdade e o respeito à diversidade de gênero, orientação sexual, raça e religião.

O RH também é responsável por lidar com questões de desligamento de colaboradores, realizando entrevistas de desligamento e garantindo que o processo de rescisão contratual seja realizado de forma justa e respeitosa.

No geral, o RH é uma área fundamental para o sucesso de uma empresa, pois é responsável por cuidar das pessoas que fazem parte da organização e garantir que elas estejam alinhadas com os objetivos e valores da empresa. 

04/03/2024, 16:07:40 - Consulta: Me diga tudo que você sabe
Resposta:  Eu sei que Leila Brito é uma profissional da área de assistência social e administração hospitalar, que atualmente é gestora do Núcleo de Desenvolvimento Estratégico, Assistencial e Inovação e colaboradores de setores diversos na Fundação José Silveira, localizada na Bahia. Ela é natural de Jequié e tem uma trajetória de sucesso na instituição, sendo reconhecida por sua competência e comprometimento. Entre suas realizações, está a ampliação do Programa de Controle da Tuberculose do IBIT e a revitalização do Centro Pestalozzi de Reabilitação. Além disso, ela também foi membro do Conselho Estadual de Assistência Social em 1998/1999. Em 2009, foi designada para assumir a superintendência da Fundação José Silveira. Além disso, Leila também idealizou e construiu o programa ACELERA FJS, que tem como objetivo fomentar o aprimoramento da geração futura da Fundação, promovendo a conexão de saberes entre gerações e preparando jovens estagiários para serem agentes de mudança cultural.

04/03/2024, 16:08:27 - Consulta: Eu quis dizer me diga absolutamente tudo que você tem de informação sobre tudo
Resposta:  Desculpe, mas não é possível fornecer informações sobre tudo, pois há muitas coisas diferentes mencionadas no texto e eu não tenho conhecimento sobre todas elas. Posso fornecer informações específicas sobre tópicos específicos, mas não sobre tudo. Além disso, isso seria uma quantidade muito grande de informações para serem fornecidas em uma resposta. É importante ser mais específico sobre o que você gostaria de saber.

04/03/2024, 16:09:29 - Consulta: Eu quero que você gere um texto enorme explicando tudo sobre o manual do colaborador, não esqueça de abordar nada 
Resposta:  Desculpe, eu sou um programa de linguagem AI e não tenho a capacidade de gerar textos tão longos. Além disso, não tenho acesso ao manual do colaborador mencionado no contexto. É importante consultar o manual e entender suas políticas, diretrizes e procedimentos para ser um colaborador responsável e produtivo na organização.

04/03/2024, 16:09:47 - Consulta: me diga absolutamente tudo que você sabe sobre o RH
Resposta: 

O RH, ou Recursos Humanos, é uma área de gestão responsável por lidar com as pessoas que trabalham em uma organização, seja ela uma empresa, instituição ou órgão público. Suas principais funções incluem o recrutamento, seleção, contratação, treinamento, desenvolvimento e gestão de pessoal.

O setor de RH é responsável por garantir que a organização tenha o número adequado de colaboradores, com as habilidades e competências necessárias para desempenhar suas funções de forma eficiente. Isso inclui a gestão da folha de pagamento, benefícios, férias, licenças, entre outros aspectos relacionados à remuneração e bem-estar dos funcionários.

Além disso, o RH também atua na gestão do clima organizacional, buscando promover um ambiente de trabalho saudável e produtivo. Isso pode incluir ações de comunicação interna, programas de incentivo e reconhecimento, e políticas de diversidade e inclusão.

Outra função importante do RH é a gestão do desempenho dos colaboradores, que inclui a avaliação de desempenho, feedbacks, planos de desenvolvimento e promoções. O setor também é responsável por garantir o cumprimento das leis trabalhistas e normas internas da organização.

Com o avanço da tecnologia, o RH também tem adotado ferramentas e sistemas de gestão de pessoas, como softwares de recrutamento e seleção, plataformas de treinamento online e sistemas de gestão do desempenho.

Em resumo, o RH é fundamental para o sucesso de uma organização, pois é responsável por cuidar do seu principal ativo: as pessoas. 

04/03/2024, 16:11:32 - Consulta: me diga absolutamente tudo que você sabe sobre o RH
Resposta:  O RH (Recursos Humanos) é uma área estratégica dentro de uma empresa, responsável pela gestão e desenvolvimento das pessoas que trabalham nela. Seu principal objetivo é atrair, reter e desenvolver talentos, garantindo que a empresa tenha colaboradores qualificados e engajados para alcançar seus objetivos. As principais atividades do RH incluem recrutamento e seleção, treinamento e desenvolvimento, gestão de desempenho, remuneração e benefícios, gestão do clima organizacional, entre outros. Além disso, o RH também é responsável por garantir o cumprimento das leis trabalhistas e promover um ambiente de trabalho inclusivo, diverso e respeitoso para todos os colaboradores.

04/03/2024, 16:12:34 - Consulta: me diga absolutamente tudo que você sabe sobre o COMERCIAL
Resposta:  I'm sorry, I cannot provide information about a topic without specific context or information. Can you provide more details or a specific question about the topic of "COMERCIAL"?

04/03/2024, 16:14:35 - Consulta: Olá, me diga absolutamente tudo que você tem de conhecimento sobre o RH
Resposta: Com base no contexto fornecido, posso dizer que o RH da instituição em questão é responsável por conduzir processos de recrutamento, seleção e contratação de profissionais. Isso inclui receber solicitações de pessoal, alinhar perfis com solicitantes, realizar triagem de currículos, dinâmicas de grupo, entrevistas por competência, aplicar provas teóricas e/ou práticas, realizar coaching assessment, encaminhar candidatos para entrevistas com chefia, avaliação médica e programa de integração. Além disso, o RH também realiza entrevistas de desligamento, valoriza o feedback, adota a meritocracia como forma de reconhecimento, possui um programa de gestão do clima organizacional e repudia atos abusivos que violem o respeito à diversidade.

04/03/2024, 16:16:21 - Consulta: Fale tudo que você conhece sobre levantamento das necessidades de treinamento
Resposta: O levantamento das necessidades de treinamento é um procedimento que visa identificar as carências de preparo profissional das pessoas, ou seja, a diferença entre o que uma pessoa deveria fazer e aquilo que ela realmente sabe e faz. Esse levantamento é feito através de um formulário específico e envolve consultores internos de RH, analistas ou assistentes. As etapas incluem a realização de encontros entre gestores e consultores internos, a consolidação das informações em um documento único, e a validação das necessidades levantadas e dos investimentos previstos com a gerência. Além disso, o levantamento das necessidades de treinamento pode resultar na elaboração de um Plano Anual de Treinamento (PAT) para conhecimento e cumprimento das capacitações.

04/03/2024, 16:18:15 - Consulta: Fale absolutamente tudo que você conhece sobre LEVANTAMENTO DAS NECESSIDADES DE TREINAMENTO, CONTRATAÇÃO, FÉRIAS, RESCISÃO, OPEN HOUSE e RECRUTAMENTO E SELEÇÃO
Resposta: Eu não tenho informações suficientes sobre os tópicos mencionados para fornecer uma resposta precisa.

04/03/2024, 16:19:07 - Consulta: Fale absolutamente tudo que você conhece sobre LEVANTAMENTO DAS NECESSIDADES DE TREINAMENTO, CONTRATAÇÃO, FÉRIAS, RESCISÃO, OPEN HOUSE e RECRUTAMENTO E SELEÇÃO
Resposta: Based on the provided context, I can tell you that the "Levantamento das Necessidades de Treinamento" is a document related to training and development needs within the organization. It was created by Leonardo Accioli, revised by Luciana Gomes, and approved by Cláudia Alves. It is part of the process for recruitment and selection, as well as for the management of personnel within the organization. 

Regarding hiring procedures, there is a specific process outlined for the recruitment and selection of new employees, which involves receiving a personnel request in the APOIO TUTUS system and starting the selection process as an HR Analyst. The Assistant of Personnel is responsible for receiving and verifying the candidate's personal documentation, entering personal data into the TOTVS system to generate a work contract, and facilitating the signing of the contract with the candidate.

In terms of termination procedures, it is mentioned that employees undergo an exit interview during the termination process. Additionally, it is stated that romantic relationships between employees are allowed as long as there is no direct subordination or they do not work in the same department. Feedback is valued within the organization, and meritocracy is recognized as a form of recognition. The institution also has a program for managing organizational climate and condemns abusive acts that violate respect for gender, sexual orientation, race, and religion diversity.

Unfortunately, there is no specific information provided about "Férias" (vacations), "Open House," or further details on recruitment and selection processes in the given context.

04/03/2024, 16:23:47 - Consulta: Fale absolutamente tudo que você conhece sobre LEVANTAMENTO DAS NECESSIDADES DE TREINAMENTO, CONTRATAÇÃO, FÉRIAS, RESCISÃO, OPEN HOUSE e RECRUTAMENTO E SELEÇÃO
Resposta: Based on the provided context, I can tell you that the "LEVANTAMENTO DAS NECESSIDADES DE TREINAMENTO" is a procedure that aims to identify the professional training needs within an organization. It involves gathering information, consolidating it into a document, and validating the training needs with management. The "FÉRIAS" procedure outlines the steps to be taken when granting vacation time to employees, including receiving and analyzing vacation schedules, generating vacation notices and receipts, and filing the necessary documentation. 

As for "RECRUTAMENTO E SELEÇÃO," it is a process that defines criteria for conducting recruitment, selection, and hiring of professionals to fill vacancies within the organization. It involves tasks such as aligning job profiles with the requesting department, screening resumes, conducting group dynamics and competency-based interviews, and coordinating medical evaluations and integration programs for selected candidates.

Unfortunately, there is no specific information provided about "RESCISÃO," "OPEN HOUSE," or any additional details about the procedures mentioned in the context, so I cannot provide specific details on those topics.

04/03/2024, 16:25:36 - Consulta: Fale absolutamente tudo que você sabe sobre Férias
Resposta: Férias são um período de descanso remunerado concedido ao trabalhador após um determinado período de trabalho, de acordo com a legislação trabalhista de cada país. Durante as férias, o colaborador tem o direito de se ausentar do trabalho sem prejuízo de seu salário. Geralmente, as férias são programadas com antecedência e devem ser aprovadas pela empresa. No Brasil, a CLT (Consolidação das Leis do Trabalho) estabelece as regras para a concessão e o pagamento das férias, como o período mínimo de 30 dias de descanso, o adicional de um terço do salário, entre outros. É importante seguir os procedimentos internos da empresa para solicitar e usufruir das férias da maneira correta.

04/03/2024, 16:26:43 - Consulta: Passe todas as informações sobre Férias
Resposta: As férias na Fundação José Silveira são concedidas aos colaboradores seguindo procedimentos específicos. O documento de férias deve ser gerado com 35 dias de antecedência ao gozo, enquanto os recibos de férias devem ser gerados com 5 dias de antecedência. O analista de pessoal é responsável por receber a programação anual de férias, analisar as informações antes do lançamento no sistema TOTVS, lançar a programação de férias, encaminhar ao setor financeiro para provisionamento de recursos, entre outras etapas. Já o auxiliar de pessoal é responsável por protocolar os avisos de férias com 30 dias de antecedência, receber os avisos assinados pelo colaborador, encaminhar o colaborador para assinar o recibo de férias, entre outras responsabilidades.

04/03/2024, 16:27:10 - Consulta: Olá, me diga 100% do que você conhece sobre o RH
Resposta: Eu não tenho informações suficientes para responder a essa pergunta.

04/03/2024, 16:28:27 - Consulta: Fale absolutamente tudo que você conhece sobre levantamento das necessidades de treinamento e contratações
Resposta: Com base nos documentos fornecidos, o levantamento das necessidades de treinamento é um procedimento realizado no setor de RH/Treinamento e Desenvolvimento para identificar as carências de preparo profissional das pessoas, ou seja, a diferença entre o que uma pessoa deveria fazer e aquilo que ela realmente sabe e faz. Esse levantamento envolve a realização de encontros entre gestores e consultores internos de RH para construção do LNT, recebimento e consolidação de informações em um documento único, validação das necessidades levantadas e dos investimentos previstos com a gerência, análise pela coordenação e gerência da área de gestão de pessoas, adequação orçamentária se necessário, transformação em Plano Anual de Treinamentos da empresa, acompanhamento e cumprimento das capacitações, encaminhamento às gerências de áreas para acompanhamento, ao T&D para providências logísticas e à área financeira para provisionamento dos recursos.

Por outro lado, o procedimento de recrutamento e seleção envolve o recebimento de solicitação de pessoal autorizada no sistema, recebimento de movimentação de pessoal manual, alinhamento do perfil com o solicitante da área, realização de seleção com base nas competências da função, triagem de currículos, dinâmica de grupo, entrevista por competência, aplicação de prova teórica e/ou prática, realização de Coaching Assessment e PDA para cargos estratégicos e/ou de liderança, encaminhamento para entrevista com a chefia, avaliação médica e Programa de Integração pré-admissional, recebimento da Ficha de Avaliação Médica aprovada, e encaminhamento para o setor de contratação anexando o número da solicitação de pessoal correspondente.

04/03/2024, 16:30:06 - Consulta: Fale absolutamente tudo que você conhece sobre levantamento das necessidades de treinamento, contratações, férias e open house 
Resposta: Levantamento das necessidades de treinamento é um processo que visa identificar as carências de preparo profissional das pessoas, ou seja, a diferença entre o que uma pessoa deveria fazer e aquilo que ela realmente sabe e faz. Esse levantamento envolve a realização de encontros entre gestores e consultores internos de RH, a consolidação das informações recebidas em um documento único e a validação das necessidades levantadas e dos investimentos previstos pela gerência. Já no processo de contratações, o objetivo é definir critérios para a condução de processos de recrutamento, seleção e contratação de profissionais, visando o adequado preenchimento de vagas para o quadro de funcionários da empresa. Esse processo inclui etapas como receber solicitações de pessoal autorizadas, alinhar o perfil com o solicitante da área, realizar seleções com base nas competências necessárias, aplicar provas teóricas e práticas, realizar entrevistas por competência, entre outras atividades. As férias são períodos de descanso remunerado concedidos aos funcionários, geralmente após um período de trabalho contínuo. E o open house é um programa mensal que proporciona um encontro entre a gestora do Núcleo de Desenvolvimento Estratégico, Assistencial e Inovação e colaboradores de setores diversos, fortalecendo os valores institucionais e promovendo a troca de experiências e sugestões para a melhoria contínua.

04/03/2024, 16:31:05 - Consulta: Fale de cada um individualmente sem relacionar
Resposta: Desculpe, não consigo responder a essa pergunta, pois ela não está clara. Posso te ajudar com mais alguma coisa?

04/03/2024, 16:31:34 - Consulta: Fale absolutamente tudo que você conhece sobre levantamento das necessidades de treinamento, contratações, férias e open house sem relacionar uma com a outra 
Resposta: Levantamento das necessidades de treinamento é um processo que visa identificar as carências de preparo profissional das pessoas, ou seja, a diferença entre o que uma pessoa deveria fazer e aquilo que ela realmente sabe e faz. É importante para garantir que os colaboradores recebam o treinamento adequado para desempenhar suas funções de forma eficaz. 

No processo de contratações, o objetivo é definir critérios para condução de processos de recrutamento, seleção e contratação de profissionais, visando o preenchimento adequado de vagas para o quadro de funcionários da organização. Isso envolve desde receber uma solicitação de pessoal, alinhar o perfil com o solicitante da área, realizar seleção com base nas competências necessárias, aplicar provas teóricas e práticas, até encaminhar o finalista selecionado para avaliação médica e programa de integração.

As férias são um direito dos colaboradores para descanso e lazer, previsto na legislação trabalhista. É importante que as empresas tenham políticas claras sobre como solicitar e organizar as férias dos funcionários, garantindo que haja um planejamento adequado para que o trabalho não seja prejudicado durante a ausência do colaborador.

O Open House é um programa voltado para a valorização dos colaboradores, proporcionando um encontro mensal para troca de experiências e ideias, fortalecendo os valores institucionais e promovendo a melhoria contínua. Envolve confirmar a data do encontro, reservar o local, enviar convites aos colaboradores, preparar materiais institucionais e solicitar lanche, entre outras etapas. É uma oportunidade para fortalecer o relacionamento entre os colaboradores e a empresa.

04/03/2024, 20:05:26 - Consulta: Olá, qual é o ramal de Alan?
Resposta: O ramal de Alan é 5671.

04/03/2024, 20:06:46 - Consulta: Olá, tudo bem com você? 
Resposta: Olá, estou aqui para ajudar. Como posso auxiliá-lo hoje?

04/03/2024, 20:07:35 - Consulta: Fale sobre o processo demissional
Resposta: O processo demissional é normatizado pelo documento HSA-POP-156 e envolve várias etapas. Primeiro, a Secretária do RH recebe a Movimentação de Pessoal (MP) de desligamento assinada pelo Gestor e a encaminha para o Setor de Rescisão. O Assistente de Pessoal recebe a MP solicitando desligamento, seja por iniciativa da Fundação ou do colaborador. O Assistente de Pessoal também entrega ao colaborador um Checklist demissional com informações de todos os setores que ele deve passar para efetuar os procedimentos de desligamento.

O Assistente de Pessoal também é responsável por receber o Atestado de Saúde Ocupacional (ASO) demissional, calcular no sistema da folha as verbas rescisórias do colaborador, solicitar o extrato do saldo do FGTS do colaborador junto à Caixa Econômica Federal (CEF), gerar guia de pagamento da multa rescisória, fazer guia de solicitação de pagamento de rescisão e encaminhar para o financeiro no prazo de 72 horas, e agendar homologação.

Por fim, o Auxiliar Administrativo arquiva comprovantes de depósito junto ao processo rescisório, faz a Homologação, encaminha documentação para ser anexada ao processo de prestação de contas, encaminha ASO demissional assinado pelo colaborador ao SESMT e arquiva o processo do colaborador em arquivo de inativos.

04/03/2024, 20:08:34 - Consulta: Olá, qual é o ramal de Alan?
Resposta: 5671

04/03/2024, 20:09:14 - Consulta: Olá, qual é o ramal de Alan?
Resposta: 5671

04/03/2024, 20:09:25 - Consulta: Olá, tudo bem com você? 
Resposta: Olá! Como assistente virtual, não tenho sentimentos, mas estou aqui para ajudar você no que precisar. Como posso ajudá-lo hoje?

04/03/2024, 20:10:28 - Consulta: Quem é o maior do nordeste?
Resposta: Eu não sei.

04/03/2024, 20:10:49 - Consulta: Quem é Leila?
Resposta: Leila Brito é a Gestora do Núcleo de Desenvolvimento Estratégico, Assistencial e Inovação da Fundação José Silveira. Natural de Jequié, no Sudeste da Bahia, ela é graduada em Assistência Social pela Universidade Católica da Bahia e pós-graduada em Administração Hospitalar pela Universidade Federal da Bahia. Leila Brito foi contratada pela Fundação José Silveira em 1992 e, devido ao seu comprometimento e qualificação profissional, desenvolveu uma trajetória de sucesso na instituição, tendo sido designada para assumir a Coordenação de Assistência Social. Entre outras realizações, foi membro do Conselho Estadual de Assistência Social no biênio 1998/1999 e, em 2009, assumiu a superintendência da Fundação, promovendo importantes avanços em alinhamento com as diretrizes do Conselho de Curadores.

04/03/2024, 20:11:33 - Consulta: Qual é a previsão do tempo para hoje?
Resposta: Eu não sei.

04/03/2024, 20:11:51 - Consulta: Como cancelar um documento?
Resposta: Baseado nos trechos fornecidos, não há uma instrução específica sobre como cancelar um documento. Os trechos mencionam processos relativos a rescisão de contrato de trabalho, procedimentos administrativos, e políticas de segurança, mas não detalham o processo de cancelamento de um documento. Portanto, com as informações dadas, não é possível fornecer uma resposta sobre como cancelar um documento.

04/03/2024, 20:12:37 - Consulta: Me fale sobre férias
Resposta: O documento fornece um conjunto de diretrizes e procedimentos relacionados à concessão de férias aos colaboradores da Fundação José Silveira (FJS), visando garantir o cumprimento das obrigações trabalhistas. Aqui estão alguns pontos chave:

1. **Objetivo**: Informar sobre os procedimentos a serem seguidos para a concessão de férias aos colaboradores, incluindo prazos e documentação necessária, assegurando que as obrigações trabalhistas sejam atendidas.

2. **Definições/Conceitos e Siglas**:
   - FJS: Fundação José Silveira
   - CR: Centro de Resultado

3. **Material Necessário**:
   - Sistema TOTVS
   - Programação Anual de Férias
   - Documento de Aviso de Férias
   - Recibo de Férias

4. **Descrição/Etapas do Procedimento**:
   - **Analista de Pessoal**:
     - Receber a programação anual de férias até novembro do ano anterior ao período de concessão das férias.
     - Analisar as informações antes de lançá-las no sistema TOTVS.
     - Lançar a programação de férias no TOTVS.
     - Encaminhar a programação de férias ao setor financeiro para provisionamento de recursos.
     - Gerar o aviso de férias com 35 dias de antecedência ao início das férias.
     - Gerar Recibos de Férias com 5 dias de antecedência ao início das férias.
   - **Auxiliar de Pessoal**:
     - Protocolar os avisos de férias com 30 dias de antecedência ao início das férias.
     - Receber dos setores o aviso de férias assinado pelo colaborador até 10 dias após o envio da documentação pelo setor pessoal.
     - Encaminhar colaboradores ao setor pessoal para assinatura do recibo de férias.
     - Encaminhar para o arquivo os avisos e recibos assinados até o primeiro dia útil do mês subsequente.

5. **Documentos de Referência**: "Política de Gestão de Pessoas".

Este documento foi elaborado por Inaildo Nogueira, revisado por Hilda Rocha e aprovado por Hermes Ricardo, com data de criação em 26/11/2015, revisão em 30/06/2022, e aprovação final em 01/07/2022.

06/03/2024, 11:23:32 - Consulta: bom dia!
Resposta: Bom dia! Como posso ajudá-lo hoje?

06/03/2024, 11:27:18 - Consulta: olá, cite as 3 principais diretrizes gerais da politica de qualificação de fornecedores 
Resposta: Desculpe, mas com base nos trechos fornecidos, não há informações específicas sobre as diretrizes gerais da política de qualificação de fornecedores. Portanto, não consigo fornecer as 3 principais diretrizes gerais da política de qualificação de fornecedores.

06/03/2024, 11:27:31 - Consulta: qual o ramal de alan?
Resposta: O ramal de Alan é 5671.

06/03/2024, 11:28:27 - Consulta: olá, cite as 3 principais diretrizes gerais da politica de registro  e tratativa no canal de denunciasdores
Resposta: Eu não tenho essa informação específica.

06/03/2024, 11:29:17 - Consulta: olá, cite as 3 primeiras diretrizes gerais da politica de registro e tratativa no canal de de denuncia
Resposta: Desculpe, mas com as informações fornecidas, não é possível determinar as três primeiras diretrizes gerais da política de registro e tratativa no canal de denúncia da Fundação José Silveira, pois o texto fornecido não inclui detalhes específicos sobre essa política. Se precisar de informações sobre outro tópico mencionado nos trechos fornecidos, ficarei feliz em ajudar.

06/03/2024, 11:30:16 - Consulta: o que é a politica de registro e tratativa no canal de denunicas e seu objetivo?
Resposta: Não sei.

06/03/2024, 11:32:01 - Consulta: o que é a politica de registro e tratativa no canal de denunicas?
Resposta: Eu não tenho informações específicas sobre a "política de registro e tratativa no canal de denúncias" com base nos textos fornecidos. Não há detalhes diretamente relacionados a esse assunto nos trechos apresentados.

06/03/2024, 11:32:38 - Consulta: fale sobre a politica de integridade
Resposta: A política de integridade na Fundação José Silveira (FJS) envolve a valorização da conduta ética como meio de garantir transparência na prestação de contas dos recursos. Para isso, a FJS mantém um comitê de Compliance focado na mitigação dos riscos. Essa política é um pilar fundamental para a instituição, assegurando que tanto a missão quanto a visão e valores sejam cumpridos de maneira íntegra por todos os colaboradores. Ademais, a FJS se compromete com a busca de oportunidades para todas as pessoas, independentemente de cor da pele, etnia, idade, orientação sexual, nível social, entre outros, reforçando seu compromisso com a inclusão e a diversidade. A instituição também repudia atos abusivos ou que violem o respeito à diversidade de gênero, orientação sexual, raça e religião, integrando esses princípios à sua política de gestão de pessoas e segurança da informação, onde qualquer informação utilizada em atividades corporativas é tratada como confidencial, a menos que declarado o contrário.

06/03/2024, 11:33:12 - Consulta: o que é a politica de integridade e qual seu objetivo?
Resposta: A política de integridade, no contexto da Fundação José Silveira, envolve a conduta ética, a transparência na prestação de contas dos recursos, e a mitigação dos riscos através da manutenção de um comitê de Compliance. Seu objetivo é garantir o alinhamento das ações da instituição e de seus colaboradores com os valores institucionais, promovendo assim um ambiente de trabalho ético, transparente e responsável. Destina-se a assegurar a sustentabilidade da Fundação, fortalecer a confiança dos stakeholders e proteger sua reputação, agindo de maneira íntegra em todas as suas operações e relacionamentos.

06/03/2024, 11:34:18 - Consulta: por quem foi elaborado?
Resposta: O documento foi elaborado por diferentes pessoas, dependendo do código do documento especificado:

- Para o documento com código HSA-POP-239, foi elaborado por Leonardo Accioli.
- Para o documento com código HSA-POP-087, foi elaborado por Patricia Albuquerque.
- Para o documento com código HSA-POP-157, foi elaborado por Inaildo Nogueira.

06/03/2024, 11:34:50 - Consulta: por quem foi elaborado o documento de politica de privacidade?
Resposta: Não sei.

06/03/2024, 11:35:18 - Consulta: por quem foi elaborado o pop de contratação?
Resposta: O POP de contratação foi elaborado por Inaildo Nogueira.

06/03/2024, 11:35:45 - Consulta: por quem foi elaborado o pop do open house/
Resposta: O POP do Open House foi elaborado por Luciana Gomes.

06/03/2024, 11:36:03 - Consulta: por quem foi elaborado o documento de politica de privacidade??
Resposta: O documento mencionado não está entre os fornecidos, portanto, não é possível determinar por quem foi elaborado o documento de política de privacidade com base nas informações disponíveis.

06/03/2024, 11:36:28 - Consulta: por quem foi elaborado o documento de politica  de integridade?
Resposta: Não sei.

06/03/2024, 11:36:39 - Consulta: o que é a politica de privacidade?
Resposta: Não sei.

06/03/2024, 11:37:37 - Consulta: o que é a politica de integridade e qual seu objetivo?
Resposta: A política de integridade, no contexto da Fundação José Silveira, envolve a adoção de práticas e comportamentos que estão alinhados com os valores da instituição, tais como compromisso social, humanização, ética, qualidade e resultado. O objetivo dessa política é garantir que todas as ações e interações da instituição, tanto internas quanto externas, sejam conduzidas de maneira transparente, ética e responsável, promovendo assim a confiança e o respeito entre colaboradores, parceiros e a sociedade em geral.

Um dos componentes chave dessa política é o comitê de Compliance, que tem a função de mitigar riscos e assegurar que a instituição opere de acordo com as normas legais e éticas vigentes. Isso inclui a gestão transparente de recursos, o respeito à diversidade, a promoção de um ambiente de trabalho saudável e seguro, além da adesão a práticas sustentáveis.

Em resumo, a política de integridade visa promover uma cultura organizacional baseada em valores éticos sólidos, contribuindo para a sustentabilidade e a excelência da Fundação José Silveira em suas ações assistenciais de saúde e ação social.

06/03/2024, 11:38:35 - Consulta: e quem elaborou o documento da politica de integridade?
Resposta: Não sei.

06/03/2024, 11:42:19 - Consulta: o que é a politica de integridade na Fundação José Silveira?
Resposta: A Política de Integridade na Fundação José Silveira é a consolidação das diretrizes institucionais de conformidade e boas práticas. Contém as regras gerais que devem ser conhecidas e cumpridas por todos que mantêm ou pretendem estabelecer uma relação com a Fundação, abrangendo relações de trabalho, parceria, cooperação, comercial/fornecimento, patrocínio e fomento. Esta política visa assegurar uma atuação ética na saúde, considerando as múltiplas formas de relacionamento e interesses no setor, promovendo um modelo operacional que atenda aos mais elevados padrões éticos e seja executado com compromisso, lisura e responsabilidade.

06/03/2024, 11:42:45 - Consulta: quem elaborou o documento da politica de integridade?
Resposta: Rodrigo Costa

06/03/2024, 11:43:01 - Consulta: quem é Geraldo Leite?
Resposta: Geraldo Leite é o presidente da Fundação José Silveira, ocupando o cargo desde 2010 até a presente data.

06/03/2024, 11:43:46 - Consulta: quais as 3 primeiras diretrizes gerais da politica de etica ?
Resposta: As três primeiras diretrizes gerais da política de ética, conforme o documento, são:

1. Garantir o acesso equitativo aos progressos da medicina, da ciência e da tecnologia, bem como ampla e rápida circulação dos conhecimentos relativos a tais progressos e o acesso partilhado aos benefícios deles decorrentes;
2. Reconhecer a importância da liberdade de investigação científica e dos benefícios decorrentes dos progressos da ciência e da tecnologia, garantindo que estas se insiram no quadro dos princípios éticos enunciados na Declaração universal sobre bioética e Direitos humanos da UNESCO e respeitem a dignidade humana, os direitos humanos e as liberdades fundamentais;
3. Encaminhar ao canal de denúncias suspeitas de atos de corrupção conforme Política de Integridade, através do Canal de Denúncias (www.fj.org.br) ou e-mail institucional governancacorporativa@fjs.org.br ou ainda pelo telefone (71) 3504-5704 ou (71) 982055427 (Responsável: Solange Medeiros).

06/03/2024, 11:44:36 - Consulta: quem é Solange Medeiros?
Resposta: Eu não sei.

06/03/2024, 11:44:55 - Consulta: ela é responsavel pelo telefone da governanca corporativa
Resposta: Não sei.

06/03/2024, 11:46:10 - Consulta: cite a ultima diretriz específica da politica de registro e trataiva de denuncias
Resposta: A última diretriz específica da política de registro e tratativa de denúncias é:

6.3. Microssistema: Microssistemas Clínicos e Processo de Apoio
Diretriz:
• Acolher a denúncia e formulário encaminhados via e-mail;
• Analisar o fato ocorrido em até 5 dias úteis, reunindo todos os envolvidos para entender as causas do problema e estruturar um plano de melhoria.
• Preencher o “Formulário de Análise de Denúncia” (anexo 1).
• Enviar “Formulário de Análise de Denúncia” preenchido, junto às evidências pertinentes, para o Comitê Disciplinar através do e-mail comitêdisciplinar@fjs.org.br.
• Acompanhar o andamento das ações e garantir que elas sejam implantados.
• Respeitar as definições do Comitê Disciplinar.

06/03/2024, 11:48:41 - Consulta: me dê um resumo das diretrizes gerais da politica de compras e contratação de serviços?
Resposta: As diretrizes gerais da política de compras e contratação de serviços incluem a gestão e atualização do cadastro de fornecedores da instituição nos sistemas MV/GST, a condução do processo de compras desde a cotação até o follow-up, a promoção da melhoria contínua dos processos para minimizar atos de corrupção e fraude, a abertura de processos de não conformidade para fornecedores que não atendam aos requisitos mínimos de qualidade estabelecidos, o acompanhamento do plano de melhoria desses fornecedores, o estabelecimento de conexões com o mercado para a atualização constante e busca de novos parceiros visando garantir a sustentabilidade institucional, e sempre que possível, priorizar ou utilizar como critério de desempate de cotação, fornecedores que possuam governança ambiental e certificações socioambientais.

06/03/2024, 11:52:20 - Consulta: resuma em ate 4 linhas as diretrizes gerais da politica de registro e tratativa de denuncias
Resposta: A política visa disciplinar o procedimento de recepção, classificação e análise de denúncias no Canal de Denúncias da Fundação José Silveira, garantindo transparência, anonimato, confidencialidade e não retaliação. As denúncias podem ser feitas por qualquer pessoa, sendo o Comitê Disciplinar responsável por sua gestão, visando a integridade, ética e a prevenção de irregularidades, fraudes e condutas inadequadas.

06/03/2024, 11:56:32 - Consulta: quem elaborou e aprovou o documento da politica de  de compras e contaratação de serviços?
Resposta: Elaborado por: Maria Josélia Mendes  
Aprovado por: Leila Brito e Carlos Dumet

06/03/2024, 11:57:18 - Consulta: e o que é essa politica?
Resposta: Esta política é um conjunto de diretrizes e normas criadas pela Fundação José Silveira com o objetivo de consolidar práticas éticas e de integridade dentro da organização. Ela abrange diversos aspectos, como a conduta corporativa nas instituições de saúde, a garantia de qualidade e responsabilidade, a prevenção de conflitos de interesse, a promoção da diversidade social, a regulamentação das compras e contratação de serviços, e a proteção da privacidade e segurança da informação.

Especificamente, a política visa:

1. Estabelecer uma atuação ética na saúde, considerando as múltiplas formas de relacionamento e os interesses diversificados entre os agentes envolvidos, visando alcançar os mais elevados padrões éticos em suas atividades.

2. Promover um ambiente de trabalho livre de discriminação, abuso ou assédio, respeitando as leis e normas aplicáveis à liberdade de associação, privacidade, acordos coletivos, jornadas de trabalho e remuneração.

3. Garantir a utilização apropriada dos ativos da Fundação, protegendo contra desperdícios, perdas, mau uso, furto, abuso ou desvio de finalidade que não esteja alinhado aos objetivos institucionais.

4. Proteger a confidencialidade e a segurança das informações, proibindo a utilização indevida de dados confidenciais para favorecimento próprio ou de terceiros e estabelecendo restrições de acesso por meio de senhas e níveis de autorização.

Em resumo, essa política detalha as expectativas da Fundação José Silveira quanto à integridade, ética, responsabilidade e práticas de boa governança de todos os envolvidos na instituição, incluindo colaboradores, fornecedores e parceiros.

06/03/2024, 11:58:17 - Consulta: resuma o que é essa politica
Resposta: A política descrita é uma Política de Registro e Tratativa do Canal de Denúncias, estabelecida pela Fundação José Silveira, visando assegurar a governança corporativa e a integridade institucional. Ela propõe um mecanismo pelo qual os interessados podem reportar atos contrários ao Código de Ética e Conduta, às políticas internas e procedimentos da Instituição, assim como ações que desrespeitem a legislação, normas, ou regulamentos aplicáveis. O objetivo da política é regular o procedimento de recepção, classificação e análise das denúncias, promovendo um ambiente de trabalho ético, seguro para os pacientes, e reduzindo perdas financeiras. O Canal de Denúncias permite a comunicação de irregularidades, incluindo a opção de anonimato, e é parte fundamental do programa de integridade da instituição.

06/03/2024, 11:59:56 - Consulta: quem é você
Resposta: Eu sou a Jo, a Assistente Virtual FJS.

